2025-11-09 18:23:28.485 | INFO     | __main__:main:40 - Setting up the TradingHub and its built_in_agents.
2025-11-09 18:23:51.927 | INFO     | __main__:main:40 - Setting up the TradingHub and its built_in_agents.
2025-11-09 18:24:00.141 | INFO     | __main__:main:40 - Setting up the TradingHub and its built_in_agents.
2025-11-09 18:24:00.143 | INFO     | src.core.trading_agent:set_throttle:66 - [Spotter] Throttle was set to 0:00:00.500000.
2025-11-09 18:24:00.143 | INFO     | src.built_in_agents.spotter:__init__:20 - Spotter initialized for 2 instruments. Fair price is calculated with method: CROSSED_VWAP
2025-11-09 18:24:00.143 | INFO     | src.core.trading_hub:add_agent:39 - Added event-driven agent: Spotter
2025-11-09 18:24:00.144 | INFO     | src.core.trading_agent:set_throttle:66 - [SpreadCalculator] Throttle was set to 0:00:02.
2025-11-09 18:24:00.144 | INFO     | src.built_in_agents.spread_calculator:__init__:38 - SpreadCalculator agent initialized for 2 instruments. Window size: 100, Min data: 20
2025-11-09 18:24:00.144 | INFO     | src.core.trading_hub:add_agent:39 - Added event-driven agent: SpreadCalculator
2025-11-09 18:24:00.144 | INFO     | src.core.trading_agent:set_throttle:66 - [DeltaHedger] Throttle was set to 0:00:30.
2025-11-09 18:25:19.667 | INFO     | __main__:main:40 - Setting up the TradingHub and its built_in_agents.
2025-11-09 18:25:19.672 | INFO     | src.core.trading_agent:set_throttle:66 - [Spotter] Throttle was set to 0:00:00.500000.
2025-11-09 18:25:19.672 | INFO     | src.built_in_agents.spotter:__init__:20 - Spotter initialized for 2 instruments. Fair price is calculated with method: CROSSED_VWAP
2025-11-09 18:25:19.673 | INFO     | src.core.trading_hub:add_agent:39 - Added event-driven agent: Spotter
2025-11-09 18:25:19.673 | INFO     | src.core.trading_agent:set_throttle:66 - [SpreadCalculator] Throttle was set to 0:00:02.
2025-11-09 18:25:19.673 | INFO     | src.built_in_agents.spread_calculator:__init__:38 - SpreadCalculator agent initialized for 2 instruments. Window size: 100, Min data: 20
2025-11-09 18:25:19.673 | INFO     | src.core.trading_hub:add_agent:39 - Added event-driven agent: SpreadCalculator
2025-11-09 18:25:19.673 | INFO     | src.core.trading_agent:set_throttle:66 - [DeltaHedger] Throttle was set to 0:00:30.
2025-11-09 18:25:37.956 | INFO     | __main__:main:40 - Setting up the TradingHub and its built_in_agents.
2025-11-09 18:25:37.958 | INFO     | src.core.trading_agent:set_throttle:66 - [Spotter] Throttle was set to 0:00:00.500000.
2025-11-09 18:25:37.958 | INFO     | src.built_in_agents.spotter:__init__:20 - Spotter initialized for 2 instruments. Fair price is calculated with method: CROSSED_VWAP
2025-11-09 18:25:37.958 | INFO     | src.core.trading_hub:add_agent:39 - Added event-driven agent: Spotter
2025-11-09 18:25:37.959 | INFO     | src.core.trading_agent:set_throttle:66 - [SpreadCalculator] Throttle was set to 0:00:02.
2025-11-09 18:25:37.959 | INFO     | src.built_in_agents.spread_calculator:__init__:38 - SpreadCalculator agent initialized for 2 instruments. Window size: 100, Min data: 20
2025-11-09 18:25:37.959 | INFO     | src.core.trading_hub:add_agent:39 - Added event-driven agent: SpreadCalculator
2025-11-09 18:25:37.959 | INFO     | src.core.trading_agent:set_throttle:66 - [DeltaHedger] Throttle was set to 0:00:30.
2025-11-09 18:25:45.728 | INFO     | __main__:main:40 - Setting up the TradingHub and its built_in_agents.
2025-11-09 18:25:45.729 | INFO     | src.core.trading_agent:set_throttle:66 - [Spotter] Throttle was set to 0:00:00.500000.
2025-11-09 18:25:45.729 | INFO     | src.built_in_agents.spotter:__init__:20 - Spotter initialized for 2 instruments. Fair price is calculated with method: CROSSED_VWAP
2025-11-09 18:25:45.730 | INFO     | src.core.trading_hub:add_agent:39 - Added event-driven agent: Spotter
2025-11-09 18:25:45.730 | INFO     | src.core.trading_agent:set_throttle:66 - [SpreadCalculator] Throttle was set to 0:00:02.
2025-11-09 18:25:45.730 | INFO     | src.built_in_agents.spread_calculator:__init__:38 - SpreadCalculator agent initialized for 2 instruments. Window size: 100, Min data: 20
2025-11-09 18:25:45.730 | INFO     | src.core.trading_hub:add_agent:39 - Added event-driven agent: SpreadCalculator
2025-11-09 18:25:45.730 | INFO     | src.core.trading_agent:set_throttle:66 - [DeltaHedger] Throttle was set to 0:00:30.
2025-11-09 18:25:45.730 | INFO     | src.built_in_agents.delta_hedger:__init__:35 - Initial position update done.
2025-11-09 18:25:45.730 | INFO     | src.built_in_agents.delta_hedger:__init__:37 - DeltaHedger periodic agent initialized. Running every 0:00:30.
2025-11-09 18:25:45.730 | INFO     | src.core.trading_hub:add_agent:34 - Added periodic agent: DeltaHedger
2025-11-09 18:25:45.730 | INFO     | src.core.trading_agent:set_throttle:66 - [PortfolioMonitor] Throttle was set to 0:00:10.
2025-11-09 18:25:45.730 | INFO     | src.core.trading_hub:add_agent:34 - Added periodic agent: PortfolioMonitor
2025-11-09 18:25:45.730 | INFO     | src.core.trading_hub:start:77 - Subscribing to quotes for: ['AAPL', 'MSFT']
2025-11-09 18:25:45.731 | INFO     | src.core.trading_hub:_periodic_agent_loop:49 - Starting loop for periodic agent 'DeltaHedger' with period 0:00:30.
2025-11-09 18:25:45.731 | DEBUG    | src.built_in_agents.delta_hedger:run:66 - DeltaHedger running hedging logic...
2025-11-09 18:25:46.248 | INFO     | src.core.trading_hub:_periodic_agent_loop:49 - Starting loop for periodic agent 'PortfolioMonitor' with period 0:00:10.
2025-11-09 18:25:46.248 | INFO     | __main__:run:25 - --- Portfolio Monitor ---
2025-11-09 18:25:46.248 | INFO     | __main__:run:34 - ------------------------
2025-11-09 21:56:50.988 | INFO     | __main__:main:40 - Setting up the TradingHub and its built_in_agents.
2025-11-09 21:56:50.999 | INFO     | src.core.trading_agent:set_throttle:66 - [Spotter] Throttle was set to 0:00:00.500000.
2025-11-09 21:56:50.999 | INFO     | src.built_in_agents.spotter:__init__:20 - Spotter initialized for 2 instruments. Fair price is calculated with method: CROSSED_VWAP
2025-11-09 21:56:50.999 | INFO     | src.core.trading_hub:add_agent:39 - Added event-driven agent: Spotter
2025-11-09 21:56:50.999 | INFO     | src.core.trading_agent:set_throttle:66 - [SpreadCalculator] Throttle was set to 0:00:02.
2025-11-09 21:56:50.999 | INFO     | src.built_in_agents.spread_calculator:__init__:38 - SpreadCalculator agent initialized for 2 instruments. Window size: 100, Min data: 20
2025-11-09 21:56:51.000 | INFO     | src.core.trading_hub:add_agent:39 - Added event-driven agent: SpreadCalculator
2025-11-09 21:56:51.000 | INFO     | src.core.trading_agent:set_throttle:66 - [DeltaHedger] Throttle was set to 0:00:30.
2025-11-09 21:56:51.000 | INFO     | src.built_in_agents.delta_hedger:__init__:35 - Initial position update done.
2025-11-09 21:56:51.000 | INFO     | src.built_in_agents.delta_hedger:__init__:37 - DeltaHedger periodic agent initialized. Running every 0:00:30.
2025-11-09 21:56:51.000 | INFO     | src.core.trading_hub:add_agent:34 - Added periodic agent: DeltaHedger
2025-11-09 21:56:51.000 | INFO     | src.core.trading_agent:set_throttle:66 - [PortfolioMonitor] Throttle was set to 0:00:10.
2025-11-09 21:56:51.000 | INFO     | src.core.trading_hub:add_agent:34 - Added periodic agent: PortfolioMonitor
2025-11-09 21:56:51.000 | INFO     | src.core.trading_hub:start:77 - Subscribing to quotes for: ['AAPL', 'MSFT']
2025-11-09 21:56:51.001 | INFO     | src.core.trading_hub:_periodic_agent_loop:49 - Starting loop for periodic agent 'DeltaHedger' with period 0:00:30.
2025-11-09 21:56:51.001 | DEBUG    | src.built_in_agents.delta_hedger:run:66 - DeltaHedger running hedging logic...
2025-11-09 21:56:51.703 | INFO     | src.core.trading_hub:_periodic_agent_loop:49 - Starting loop for periodic agent 'PortfolioMonitor' with period 0:00:10.
2025-11-09 21:56:51.703 | INFO     | __main__:run:25 - --- Portfolio Monitor ---
2025-11-09 21:56:51.704 | INFO     | __main__:run:34 - ------------------------
2025-11-09 21:57:10.792 | INFO     | __main__:main:40 - Setting up the TradingHub and its built_in_agents.
2025-11-09 21:57:10.808 | INFO     | src.core.trading_agent:set_throttle:66 - [Spotter] Throttle was set to 0:00:00.500000.
2025-11-09 21:57:10.808 | INFO     | src.built_in_agents.spotter:__init__:20 - Spotter initialized for 2 instruments. Fair price is calculated with method: CROSSED_VWAP
2025-11-09 21:57:10.809 | INFO     | src.core.trading_hub:add_agent:39 - Added event-driven agent: Spotter
2025-11-09 21:57:10.809 | INFO     | src.core.trading_agent:set_throttle:66 - [SpreadCalculator] Throttle was set to 0:00:02.
2025-11-09 21:57:10.809 | INFO     | src.built_in_agents.spread_calculator:__init__:38 - SpreadCalculator agent initialized for 2 instruments. Window size: 100, Min data: 20
2025-11-09 21:57:10.810 | INFO     | src.core.trading_hub:add_agent:39 - Added event-driven agent: SpreadCalculator
2025-11-09 21:57:10.810 | INFO     | src.core.trading_agent:set_throttle:66 - [DeltaHedger] Throttle was set to 0:00:30.
2025-11-09 21:57:10.858 | INFO     | src.built_in_agents.delta_hedger:__init__:35 - Initial position update done.
2025-11-09 21:57:10.859 | INFO     | src.built_in_agents.delta_hedger:__init__:37 - DeltaHedger periodic agent initialized. Running every 0:00:30.
2025-11-09 21:57:10.860 | INFO     | src.core.trading_hub:add_agent:34 - Added periodic agent: DeltaHedger
2025-11-09 21:57:10.860 | INFO     | src.core.trading_agent:set_throttle:66 - [PortfolioMonitor] Throttle was set to 0:00:10.
2025-11-09 21:57:10.861 | INFO     | src.core.trading_hub:add_agent:34 - Added periodic agent: PortfolioMonitor
2025-11-09 21:57:10.861 | INFO     | src.core.trading_hub:start:77 - Subscribing to quotes for: ['AAPL', 'MSFT']
2025-11-09 21:57:10.862 | INFO     | src.core.trading_hub:_periodic_agent_loop:49 - Starting loop for periodic agent 'DeltaHedger' with period 0:00:30.
2025-11-09 21:57:10.862 | DEBUG    | src.built_in_agents.delta_hedger:run:66 - DeltaHedger running hedging logic...
2025-11-09 21:57:11.277 | INFO     | src.core.trading_hub:_periodic_agent_loop:49 - Starting loop for periodic agent 'PortfolioMonitor' with period 0:00:10.
2025-11-09 21:57:11.277 | INFO     | __main__:run:25 - --- Portfolio Monitor ---
2025-11-09 21:57:11.278 | INFO     | __main__:run:34 - ------------------------
2025-11-09 21:58:10.474 | INFO     | __main__:main:40 - Setting up the TradingHub and its built_in_agents.
2025-11-09 21:58:10.479 | INFO     | src.core.trading_agent:set_throttle:66 - [Spotter] Throttle was set to 0:00:00.500000.
2025-11-09 21:58:10.479 | INFO     | src.built_in_agents.spotter:__init__:20 - Spotter initialized for 2 instruments. Fair price is calculated with method: CROSSED_VWAP
2025-11-09 21:58:10.480 | INFO     | src.core.trading_hub:add_agent:39 - Added event-driven agent: Spotter
2025-11-09 21:58:10.480 | INFO     | src.core.trading_agent:set_throttle:66 - [SpreadCalculator] Throttle was set to 0:00:02.
2025-11-09 21:58:10.480 | INFO     | src.built_in_agents.spread_calculator:__init__:38 - SpreadCalculator agent initialized for 2 instruments. Window size: 100, Min data: 20
2025-11-09 21:58:10.480 | INFO     | src.core.trading_hub:add_agent:39 - Added event-driven agent: SpreadCalculator
2025-11-09 21:58:10.481 | INFO     | src.core.trading_agent:set_throttle:66 - [DeltaHedger] Throttle was set to 0:00:30.
2025-11-09 21:58:10.481 | INFO     | src.built_in_agents.delta_hedger:__init__:35 - Initial position update done.
2025-11-09 21:58:10.481 | INFO     | src.built_in_agents.delta_hedger:__init__:37 - DeltaHedger periodic agent initialized. Running every 0:00:30.
2025-11-09 21:58:10.481 | INFO     | src.core.trading_hub:add_agent:34 - Added periodic agent: DeltaHedger
2025-11-09 21:58:10.481 | INFO     | src.core.trading_agent:set_throttle:66 - [PortfolioMonitor] Throttle was set to 0:00:10.
2025-11-09 21:58:10.482 | INFO     | src.core.trading_hub:add_agent:34 - Added periodic agent: PortfolioMonitor
2025-11-09 21:58:10.482 | INFO     | src.core.trading_hub:start:77 - Subscribing to quotes for: ['AAPL', 'MSFT']
2025-11-09 21:59:43.136 | INFO     | __main__:main:40 - Setting up the TradingHub and its built_in_agents.
2025-11-09 21:59:43.145 | INFO     | src.core.trading_agent:set_throttle:66 - [Spotter] Throttle was set to 0:00:00.500000.
2025-11-09 21:59:43.145 | INFO     | src.built_in_agents.spotter:__init__:20 - Spotter initialized for 2 instruments. Fair price is calculated with method: CROSSED_VWAP
2025-11-09 21:59:43.146 | INFO     | src.core.trading_hub:add_agent:39 - Added event-driven agent: Spotter
2025-11-09 21:59:43.146 | INFO     | src.core.trading_agent:set_throttle:66 - [SpreadCalculator] Throttle was set to 0:00:02.
2025-11-09 21:59:43.147 | INFO     | src.built_in_agents.spread_calculator:__init__:38 - SpreadCalculator agent initialized for 2 instruments. Window size: 100, Min data: 20
2025-11-09 21:59:43.147 | INFO     | src.core.trading_hub:add_agent:39 - Added event-driven agent: SpreadCalculator
2025-11-09 21:59:43.148 | INFO     | src.core.trading_agent:set_throttle:66 - [DeltaHedger] Throttle was set to 0:00:30.
2025-11-09 21:59:43.148 | INFO     | src.built_in_agents.delta_hedger:__init__:35 - Initial position update done.
2025-11-09 21:59:43.149 | INFO     | src.built_in_agents.delta_hedger:__init__:37 - DeltaHedger periodic agent initialized. Running every 0:00:30.
2025-11-09 21:59:43.149 | INFO     | src.core.trading_hub:add_agent:34 - Added periodic agent: DeltaHedger
2025-11-09 21:59:43.149 | INFO     | src.core.trading_agent:set_throttle:66 - [PortfolioMonitor] Throttle was set to 0:00:10.
2025-11-09 21:59:43.150 | INFO     | src.core.trading_hub:add_agent:34 - Added periodic agent: PortfolioMonitor
2025-11-09 21:59:43.150 | INFO     | src.core.trading_hub:start:77 - Subscribing to quotes for: ['MSFT', 'AAPL']
2025-11-09 21:59:43.151 | INFO     | src.core.trading_hub:_periodic_agent_loop:49 - Starting loop for periodic agent 'DeltaHedger' with period 0:00:30.
2025-11-09 21:59:43.151 | DEBUG    | src.built_in_agents.delta_hedger:run:66 - DeltaHedger running hedging logic...
2025-11-09 21:59:43.538 | INFO     | src.core.trading_hub:_periodic_agent_loop:49 - Starting loop for periodic agent 'PortfolioMonitor' with period 0:00:10.
2025-11-09 21:59:43.539 | INFO     | __main__:run:25 - --- Portfolio Monitor ---
2025-11-09 21:59:43.539 | INFO     | __main__:run:34 - ------------------------
2025-11-09 22:00:17.130 | INFO     | __main__:main:40 - Setting up the TradingHub and its built_in_agents.
2025-11-09 22:00:17.138 | INFO     | src.core.trading_agent:set_throttle:66 - [Spotter] Throttle was set to 0:00:00.500000.
2025-11-09 22:00:17.138 | INFO     | src.built_in_agents.spotter:__init__:20 - Spotter initialized for 2 instruments. Fair price is calculated with method: CROSSED_VWAP
2025-11-09 22:00:17.139 | INFO     | src.core.trading_hub:add_agent:39 - Added event-driven agent: Spotter
2025-11-09 22:00:17.139 | INFO     | src.core.trading_agent:set_throttle:66 - [SpreadCalculator] Throttle was set to 0:00:02.
2025-11-09 22:00:17.139 | INFO     | src.built_in_agents.spread_calculator:__init__:38 - SpreadCalculator agent initialized for 2 instruments. Window size: 100, Min data: 20
2025-11-09 22:00:17.139 | INFO     | src.core.trading_hub:add_agent:39 - Added event-driven agent: SpreadCalculator
2025-11-09 22:00:17.140 | INFO     | src.core.trading_agent:set_throttle:66 - [DeltaHedger] Throttle was set to 0:00:30.
2025-11-09 22:00:17.140 | INFO     | src.built_in_agents.delta_hedger:__init__:35 - Initial position update done.
2025-11-09 22:00:17.141 | INFO     | src.built_in_agents.delta_hedger:__init__:37 - DeltaHedger periodic agent initialized. Running every 0:00:30.
2025-11-09 22:00:17.141 | INFO     | src.core.trading_hub:add_agent:34 - Added periodic agent: DeltaHedger
2025-11-09 22:00:17.141 | INFO     | src.core.trading_agent:set_throttle:66 - [PortfolioMonitor] Throttle was set to 0:00:10.
2025-11-09 22:00:17.141 | INFO     | src.core.trading_hub:add_agent:34 - Added periodic agent: PortfolioMonitor
2025-11-09 22:00:17.142 | INFO     | src.core.trading_hub:start:77 - Subscribing to quotes for: ['AAPL', 'MSFT']
2025-11-09 22:00:18.785 | INFO     | src.core.trading_hub:_periodic_agent_loop:49 - Starting loop for periodic agent 'DeltaHedger' with period 0:00:30.
2025-11-09 22:00:18.785 | DEBUG    | src.built_in_agents.delta_hedger:run:66 - DeltaHedger running hedging logic...
2025-11-09 22:00:19.184 | INFO     | src.core.trading_hub:_periodic_agent_loop:49 - Starting loop for periodic agent 'PortfolioMonitor' with period 0:00:10.
2025-11-09 22:00:19.186 | INFO     | __main__:run:25 - --- Portfolio Monitor ---
2025-11-09 22:00:19.186 | INFO     | __main__:run:34 - ------------------------
2025-11-10 22:54:41.743 | INFO     | __main__:main:40 - Setting up the TradingHub and its built_in_agents.
2025-11-10 22:54:41.756 | INFO     | src.core.trading_agent:set_throttle:66 - [Spotter] Throttle was set to 0:00:00.500000.
2025-11-10 22:54:41.757 | INFO     | src.built_in_agents.spotter:__init__:20 - Spotter initialized for 2 instruments. Fair price is calculated with method: CROSSED_VWAP
2025-11-10 22:54:41.757 | INFO     | src.core.trading_hub:add_agent:39 - Added event-driven agent: Spotter
2025-11-10 22:54:41.758 | INFO     | src.core.trading_agent:set_throttle:66 - [SpreadCalculator] Throttle was set to 0:00:02.
2025-11-10 22:54:41.758 | INFO     | src.built_in_agents.spread_calculator:__init__:38 - SpreadCalculator agent initialized for 2 instruments. Window size: 100, Min data: 20
2025-11-10 22:54:41.759 | INFO     | src.core.trading_hub:add_agent:39 - Added event-driven agent: SpreadCalculator
2025-11-10 22:54:41.759 | INFO     | src.core.trading_agent:set_throttle:66 - [DeltaHedger] Throttle was set to 0:00:30.
2025-11-10 22:54:41.759 | INFO     | src.built_in_agents.delta_hedger:__init__:35 - Initial position update done.
2025-11-10 22:54:41.759 | INFO     | src.built_in_agents.delta_hedger:__init__:37 - DeltaHedger periodic agent initialized. Running every 0:00:30.
2025-11-10 22:54:41.760 | INFO     | src.core.trading_hub:add_agent:34 - Added periodic agent: DeltaHedger
2025-11-10 22:54:41.760 | INFO     | src.core.trading_agent:set_throttle:66 - [PortfolioMonitor] Throttle was set to 0:00:10.
2025-11-10 22:54:41.760 | INFO     | src.core.trading_hub:add_agent:34 - Added periodic agent: PortfolioMonitor
2025-11-10 22:54:41.760 | INFO     | src.core.trading_hub:start:77 - Subscribing to quotes for: ['AAPL', 'MSFT']
2025-11-10 22:54:41.767 | INFO     | src.core.trading_hub:_periodic_agent_loop:49 - Starting loop for periodic agent 'DeltaHedger' with period 0:00:30.
2025-11-10 22:54:41.767 | DEBUG    | src.built_in_agents.delta_hedger:run:66 - DeltaHedger running hedging logic...
2025-11-10 22:54:42.336 | INFO     | src.core.trading_hub:_periodic_agent_loop:49 - Starting loop for periodic agent 'PortfolioMonitor' with period 0:00:10.
2025-11-10 22:54:42.337 | INFO     | __main__:run:25 - --- Portfolio Monitor ---
2025-11-10 22:54:42.337 | INFO     | __main__:run:34 - ------------------------
2025-11-10 22:54:52.339 | INFO     | __main__:run:25 - --- Portfolio Monitor ---
2025-11-10 22:54:52.339 | INFO     | __main__:run:34 - ------------------------
2025-11-10 22:55:02.341 | INFO     | __main__:run:25 - --- Portfolio Monitor ---
2025-11-10 22:55:02.341 | INFO     | __main__:run:34 - ------------------------
2025-11-14 21:22:32.916 | INFO     | __main__:main:40 - Setting up the TradingHub and its built_in_agents.
2025-11-14 21:22:32.918 | INFO     | src.core.trading_agent:set_throttle:66 - [Spotter] Throttle was set to 0:00:00.500000.
2025-11-14 21:22:32.918 | INFO     | src.built_in_agents.spotter:__init__:20 - Spotter initialized for 2 instruments. Fair price is calculated with method: CROSSED_VWAP
2025-11-14 21:22:32.918 | INFO     | src.core.trading_hub:add_agent:39 - Added event-driven agent: Spotter
2025-11-14 21:22:32.918 | INFO     | src.core.trading_agent:set_throttle:66 - [SpreadCalculator] Throttle was set to 0:00:02.
2025-11-14 21:22:32.919 | INFO     | src.built_in_agents.spread_calculator:__init__:38 - SpreadCalculator agent initialized for 2 instruments. Window size: 100, Min data: 20
2025-11-14 21:22:32.919 | INFO     | src.core.trading_hub:add_agent:39 - Added event-driven agent: SpreadCalculator
2025-11-14 21:22:32.919 | INFO     | src.core.trading_agent:set_throttle:66 - [DeltaHedger] Throttle was set to 0:00:30.
2025-11-14 21:22:32.919 | INFO     | src.built_in_agents.delta_hedger:__init__:35 - Initial position update done.
2025-11-14 21:22:32.919 | INFO     | src.built_in_agents.delta_hedger:__init__:37 - DeltaHedger periodic agent initialized. Running every 0:00:30.
2025-11-14 21:22:32.919 | INFO     | src.core.trading_hub:add_agent:34 - Added periodic agent: DeltaHedger
2025-11-14 21:22:32.919 | INFO     | src.core.trading_agent:set_throttle:66 - [PortfolioMonitor] Throttle was set to 0:00:10.
2025-11-14 21:22:32.919 | INFO     | src.core.trading_hub:add_agent:34 - Added periodic agent: PortfolioMonitor
2025-11-14 21:22:32.919 | INFO     | src.core.trading_hub:start:77 - Subscribing to quotes for: ['AAPL', 'MSFT']
2025-11-14 21:22:32.922 | INFO     | src.core.trading_hub:_periodic_agent_loop:49 - Starting loop for periodic agent 'DeltaHedger' with period 0:00:30.
2025-11-14 21:22:32.923 | DEBUG    | src.built_in_agents.delta_hedger:run:66 - DeltaHedger running hedging logic...
2025-11-14 21:22:33.474 | INFO     | src.core.trading_hub:_periodic_agent_loop:49 - Starting loop for periodic agent 'PortfolioMonitor' with period 0:00:10.
2025-11-14 21:22:33.474 | INFO     | __main__:run:25 - --- Portfolio Monitor ---
2025-11-14 21:22:33.474 | INFO     | __main__:run:34 - ------------------------
2025-11-14 21:22:34.209 | DEBUG    | src.built_in_agents.spotter:run:64 - [AAPL] Processed quote at 2025-11-14T20:22:34.204557 | Fair Price: 273.0700
2025-11-14 21:22:34.784 | DEBUG    | src.built_in_agents.spotter:run:64 - [AAPL] Processed quote at 2025-11-14T20:22:34.784869 | Fair Price: 272.9900
2025-11-14 21:22:35.308 | DEBUG    | src.built_in_agents.spotter:run:64 - [AAPL] Processed quote at 2025-11-14T20:22:35.308610 | Fair Price: 272.5350
2025-11-14 21:22:35.861 | DEBUG    | src.built_in_agents.spotter:run:64 - [MSFT] Processed quote at 2025-11-14T20:22:35.861826 | Fair Price: 509.8533
2025-11-14 21:22:36.391 | DEBUG    | src.built_in_agents.spotter:run:64 - [AAPL] Processed quote at 2025-11-14T20:22:36.391300 | Fair Price: 272.5650
2025-11-14 21:22:37.180 | DEBUG    | src.built_in_agents.spotter:run:64 - [MSFT] Processed quote at 2025-11-14T20:22:37.180051 | Fair Price: 509.8525
2025-11-14 21:22:37.746 | DEBUG    | src.built_in_agents.spotter:run:64 - [MSFT] Processed quote at 2025-11-14T20:22:37.746912 | Fair Price: 509.8575
2025-11-14 21:22:38.280 | DEBUG    | src.built_in_agents.spotter:run:64 - [AAPL] Processed quote at 2025-11-14T20:22:38.280216 | Fair Price: 272.5750
2025-11-14 21:22:38.785 | DEBUG    | src.built_in_agents.spotter:run:64 - [AAPL] Processed quote at 2025-11-14T20:22:38.785143 | Fair Price: 273.1350
2025-11-14 21:22:39.303 | DEBUG    | src.built_in_agents.spotter:run:64 - [AAPL] Processed quote at 2025-11-14T20:22:39.303761 | Fair Price: 273.1333
2025-11-14 21:22:40.029 | DEBUG    | src.built_in_agents.spotter:run:64 - [MSFT] Processed quote at 2025-11-14T20:22:40.029005 | Fair Price: 508.2467
2025-11-14 21:22:40.559 | DEBUG    | src.built_in_agents.spotter:run:64 - [AAPL] Processed quote at 2025-11-14T20:22:40.559798 | Fair Price: 273.1350
2025-11-14 21:22:41.071 | DEBUG    | src.built_in_agents.spotter:run:64 - [AAPL] Processed quote at 2025-11-14T20:22:41.071625 | Fair Price: 273.1350
2025-11-14 21:22:41.655 | DEBUG    | src.built_in_agents.spotter:run:64 - [AAPL] Processed quote at 2025-11-14T20:22:41.655917 | Fair Price: 273.1750
2025-11-14 21:22:42.159 | DEBUG    | src.built_in_agents.spotter:run:64 - [AAPL] Processed quote at 2025-11-14T20:22:42.159220 | Fair Price: 273.1733
2025-11-14 21:22:42.671 | DEBUG    | src.built_in_agents.spotter:run:64 - [AAPL] Processed quote at 2025-11-14T20:22:42.671124 | Fair Price: 273.4333
2025-11-14 21:22:43.476 | INFO     | __main__:run:25 - --- Portfolio Monitor ---
2025-11-14 21:22:43.476 | INFO     | __main__:run:34 - ------------------------
2025-11-14 21:22:43.538 | DEBUG    | src.built_in_agents.spotter:run:64 - [AAPL] Processed quote at 2025-11-14T20:22:43.538251 | Fair Price: 273.4400
2025-11-14 21:22:44.247 | DEBUG    | src.built_in_agents.spotter:run:64 - [AAPL] Processed quote at 2025-11-14T20:22:44.247153 | Fair Price: 273.1800
2025-11-14 21:22:45.018 | DEBUG    | src.built_in_agents.spotter:run:64 - [MSFT] Processed quote at 2025-11-14T20:22:45.018347 | Fair Price: 506.5933
2025-11-14 21:22:45.784 | DEBUG    | src.built_in_agents.spotter:run:64 - [MSFT] Processed quote at 2025-11-14T20:22:45.784879 | Fair Price: 508.2467
2025-11-14 21:22:46.394 | DEBUG    | src.built_in_agents.spotter:run:64 - [AAPL] Processed quote at 2025-11-14T20:22:46.393987 | Fair Price: 273.1600
2025-11-14 21:22:46.902 | DEBUG    | src.built_in_agents.spotter:run:64 - [MSFT] Processed quote at 2025-11-14T20:22:46.902379 | Fair Price: 509.7500
2025-11-14 21:22:47.626 | DEBUG    | src.built_in_agents.spotter:run:64 - [MSFT] Processed quote at 2025-11-14T20:22:47.626239 | Fair Price: 509.8367
2025-11-14 21:22:48.206 | DEBUG    | src.built_in_agents.spotter:run:64 - [AAPL] Processed quote at 2025-11-14T20:22:48.205982 | Fair Price: 273.1833
2025-11-14 21:22:48.863 | DEBUG    | src.built_in_agents.spotter:run:64 - [MSFT] Processed quote at 2025-11-14T20:22:48.863760 | Fair Price: 509.8467
2025-11-14 21:22:49.580 | DEBUG    | src.built_in_agents.spotter:run:64 - [AAPL] Processed quote at 2025-11-14T20:22:49.580347 | Fair Price: 273.1900
2025-11-14 21:22:50.263 | DEBUG    | src.built_in_agents.spotter:run:64 - [MSFT] Processed quote at 2025-11-14T20:22:50.263341 | Fair Price: 509.8467
2025-11-14 21:22:50.766 | DEBUG    | src.built_in_agents.spotter:run:64 - [AAPL] Processed quote at 2025-11-14T20:22:50.766415 | Fair Price: 273.3700
2025-11-14 21:22:51.309 | DEBUG    | src.built_in_agents.spotter:run:64 - [MSFT] Processed quote at 2025-11-14T20:22:51.309408 | Fair Price: 507.3900
2025-11-14 21:23:14.318 | INFO     | __main__:main:40 - Setting up the TradingHub and its built_in_agents.
2025-11-14 21:23:14.321 | INFO     | src.core.trading_agent:set_throttle:66 - [Spotter] Throttle was set to 0:00:00.500000.
2025-11-14 21:23:14.322 | INFO     | src.built_in_agents.spotter:__init__:20 - Spotter initialized for 2 instruments. Fair price is calculated with method: CROSSED_VWAP
2025-11-14 21:23:14.322 | INFO     | src.core.trading_hub:add_agent:39 - Added event-driven agent: Spotter
2025-11-14 21:23:14.322 | INFO     | src.core.trading_agent:set_throttle:66 - [SpreadCalculator] Throttle was set to 0:00:02.
2025-11-14 21:23:14.322 | INFO     | src.built_in_agents.spread_calculator:__init__:38 - SpreadCalculator agent initialized for 2 instruments. Window size: 100, Min data: 20
2025-11-14 21:23:14.322 | INFO     | src.core.trading_hub:add_agent:39 - Added event-driven agent: SpreadCalculator
2025-11-14 21:23:14.322 | INFO     | src.core.trading_agent:set_throttle:66 - [DeltaHedger] Throttle was set to 0:00:30.
2025-11-14 21:23:14.322 | INFO     | src.built_in_agents.delta_hedger:__init__:35 - Initial position update done.
2025-11-14 21:23:14.323 | INFO     | src.built_in_agents.delta_hedger:__init__:37 - DeltaHedger periodic agent initialized. Running every 0:00:30.
2025-11-14 21:23:14.323 | INFO     | src.core.trading_hub:add_agent:34 - Added periodic agent: DeltaHedger
2025-11-14 21:23:14.323 | INFO     | src.core.trading_agent:set_throttle:66 - [PortfolioMonitor] Throttle was set to 0:00:10.
2025-11-14 21:23:14.323 | INFO     | src.core.trading_hub:add_agent:34 - Added periodic agent: PortfolioMonitor
2025-11-14 21:23:14.323 | INFO     | src.core.trading_hub:start:77 - Subscribing to quotes for: ['AAPL', 'MSFT']
2025-11-14 21:23:14.325 | INFO     | src.core.trading_hub:_periodic_agent_loop:49 - Starting loop for periodic agent 'DeltaHedger' with period 0:00:30.
2025-11-14 21:23:14.326 | DEBUG    | src.built_in_agents.delta_hedger:run:66 - DeltaHedger running hedging logic...
2025-11-14 21:23:14.749 | INFO     | src.core.trading_hub:_periodic_agent_loop:49 - Starting loop for periodic agent 'PortfolioMonitor' with period 0:00:10.
2025-11-14 21:23:14.749 | INFO     | __main__:run:25 - --- Portfolio Monitor ---
2025-11-14 21:23:14.749 | INFO     | __main__:run:34 - ------------------------
2025-11-14 21:23:15.670 | DEBUG    | src.built_in_agents.spotter:run:64 - [MSFT] Processed quote at 2025-11-14T20:23:15.669982 | Fair Price: 510.1167
2025-11-14 21:23:16.295 | DEBUG    | src.built_in_agents.spotter:run:64 - [AAPL] Processed quote at 2025-11-14T20:23:16.295636 | Fair Price: 273.1250
2025-11-14 21:23:17.051 | DEBUG    | src.built_in_agents.spotter:run:64 - [MSFT] Processed quote at 2025-11-14T20:23:17.051494 | Fair Price: 510.4375
2025-11-14 21:23:17.596 | DEBUG    | src.built_in_agents.spotter:run:64 - [AAPL] Processed quote at 2025-11-14T20:23:17.596272 | Fair Price: 273.9467
2025-11-14 21:23:18.100 | DEBUG    | src.built_in_agents.spotter:run:64 - [MSFT] Processed quote at 2025-11-14T20:23:18.100897 | Fair Price: 510.4625
2025-11-14 21:23:18.855 | DEBUG    | src.built_in_agents.spotter:run:64 - [AAPL] Processed quote at 2025-11-14T20:23:18.855201 | Fair Price: 273.1300
2025-11-14 21:23:19.406 | DEBUG    | src.built_in_agents.spotter:run:64 - [AAPL] Processed quote at 2025-11-14T20:23:19.406816 | Fair Price: 273.1200
2025-11-14 21:23:19.914 | DEBUG    | src.built_in_agents.spotter:run:64 - [AAPL] Processed quote at 2025-11-14T20:23:19.914563 | Fair Price: 273.1333
2025-11-14 21:23:20.600 | DEBUG    | src.built_in_agents.spotter:run:64 - [MSFT] Processed quote at 2025-11-14T20:23:20.600131 | Fair Price: 506.0333
2025-11-14 21:23:21.212 | DEBUG    | src.built_in_agents.spotter:run:64 - [MSFT] Processed quote at 2025-11-14T20:23:21.212490 | Fair Price: 510.1917
2025-11-14 21:23:21.806 | DEBUG    | src.built_in_agents.spotter:run:64 - [AAPL] Processed quote at 2025-11-14T20:23:21.806090 | Fair Price: 273.7250
2025-11-14 21:23:22.440 | DEBUG    | src.built_in_agents.spotter:run:64 - [AAPL] Processed quote at 2025-11-14T20:23:22.440376 | Fair Price: 273.0850
2025-11-14 21:23:22.959 | DEBUG    | src.built_in_agents.spotter:run:64 - [AAPL] Processed quote at 2025-11-14T20:23:22.959420 | Fair Price: 273.0800
2025-11-14 21:23:23.641 | DEBUG    | src.built_in_agents.spotter:run:64 - [AAPL] Processed quote at 2025-11-14T20:23:23.641786 | Fair Price: 273.0833
2025-11-14 21:23:24.235 | DEBUG    | src.built_in_agents.spotter:run:64 - [MSFT] Processed quote at 2025-11-14T20:23:24.235131 | Fair Price: 509.9767
2025-11-14 21:23:24.751 | INFO     | __main__:run:25 - --- Portfolio Monitor ---
2025-11-14 21:23:24.751 | INFO     | __main__:run:34 - ------------------------
2025-11-14 21:23:24.994 | DEBUG    | src.built_in_agents.spotter:run:64 - [MSFT] Processed quote at 2025-11-14T20:23:24.994400 | Fair Price: 510.1667
2025-11-14 21:23:25.518 | DEBUG    | src.built_in_agents.spotter:run:64 - [AAPL] Processed quote at 2025-11-14T20:23:25.517733 | Fair Price: 273.0933
2025-11-14 21:23:26.161 | DEBUG    | src.built_in_agents.spotter:run:64 - [MSFT] Processed quote at 2025-11-14T20:23:26.161352 | Fair Price: 510.5111
2025-11-14 21:23:26.945 | DEBUG    | src.built_in_agents.spotter:run:64 - [MSFT] Processed quote at 2025-11-14T20:23:26.945818 | Fair Price: 510.4250
2025-11-14 21:23:27.462 | DEBUG    | src.built_in_agents.spotter:run:64 - [MSFT] Processed quote at 2025-11-14T20:23:27.462828 | Fair Price: 510.3143
2025-11-16 01:09:17.135 | INFO     | __main__:main:72 - Setting up the TradingHub and its built_in_agents.
2025-11-16 01:09:17.141 | INFO     | src.core.trading_agent:set_throttle:68 - [Spotter] Throttle was set to 0:00:00.500000.
2025-11-16 01:09:17.141 | INFO     | src.built_in_agents.spotter:__init__:21 - Spotter initialized for 2 instruments. Fair price is calculated with method: crossed_vwap
2025-11-16 01:09:17.141 | INFO     | src.core.trading_hub:add_agent:39 - Added event-driven agent: Spotter
2025-11-16 01:09:17.141 | INFO     | src.core.trading_agent:set_throttle:68 - [SpreadCalculator] Throttle was set to 0:00:02.
2025-11-16 01:09:17.141 | INFO     | src.built_in_agents.spread_calculator:__init__:39 - SpreadCalculator agent initialized for 2 instruments. Window size: 100, Min data: 20
2025-11-16 01:09:17.141 | INFO     | src.core.trading_hub:add_agent:39 - Added event-driven agent: SpreadCalculator
2025-11-16 01:10:39.773 | INFO     | __main__:main:72 - Setting up the TradingHub and its built_in_agents.
2025-11-16 01:10:39.775 | INFO     | src.core.trading_agent:set_throttle:68 - [Spotter] Throttle was set to 0:00:00.500000.
2025-11-16 01:10:39.775 | INFO     | src.built_in_agents.spotter:__init__:21 - Spotter initialized for 2 instruments. Fair price is calculated with method: crossed_vwap
2025-11-16 01:10:39.775 | INFO     | src.core.trading_hub:add_agent:39 - Added event-driven agent: Spotter
2025-11-16 01:10:39.775 | INFO     | src.core.trading_agent:set_throttle:68 - [SpreadCalculator] Throttle was set to 0:00:02.
2025-11-16 01:10:39.776 | INFO     | src.built_in_agents.spread_calculator:__init__:39 - SpreadCalculator agent initialized for 2 instruments. Window size: 100, Min data: 20
2025-11-16 01:10:39.776 | INFO     | src.core.trading_hub:add_agent:39 - Added event-driven agent: SpreadCalculator
2025-11-16 01:11:19.627 | INFO     | __main__:main:72 - Setting up the TradingHub and its built_in_agents.
2025-11-16 01:11:19.631 | INFO     | src.core.trading_agent:set_throttle:68 - [Spotter] Throttle was set to 0:00:00.500000.
2025-11-16 01:11:19.631 | INFO     | src.built_in_agents.spotter:__init__:21 - Spotter initialized for 2 instruments. Fair price is calculated with method: crossed_vwap
2025-11-16 01:11:19.631 | INFO     | src.core.trading_hub:add_agent:39 - Added event-driven agent: Spotter
2025-11-16 01:11:19.631 | INFO     | src.core.trading_agent:set_throttle:68 - [SpreadCalculator] Throttle was set to 0:00:02.
2025-11-16 01:11:19.632 | INFO     | src.built_in_agents.spread_calculator:__init__:39 - SpreadCalculator agent initialized for 2 instruments. Window size: 100, Min data: 20
2025-11-16 01:11:19.632 | INFO     | src.core.trading_hub:add_agent:39 - Added event-driven agent: SpreadCalculator
2025-11-16 01:11:36.177 | INFO     | __main__:main:72 - Setting up the TradingHub and its built_in_agents.
2025-11-16 01:11:36.179 | INFO     | src.core.trading_agent:set_throttle:68 - [Spotter] Throttle was set to 0:00:00.500000.
2025-11-16 01:11:36.179 | INFO     | src.built_in_agents.spotter:__init__:21 - Spotter initialized for 2 instruments. Fair price is calculated with method: crossed_vwap
2025-11-16 01:11:36.179 | INFO     | src.core.trading_hub:add_agent:39 - Added event-driven agent: Spotter
2025-11-16 01:11:36.179 | INFO     | src.core.trading_agent:set_throttle:68 - [SpreadCalculator] Throttle was set to 0:00:02.
2025-11-16 01:11:36.180 | INFO     | src.built_in_agents.spread_calculator:__init__:39 - SpreadCalculator agent initialized for 2 instruments. Window size: 100, Min data: 20
2025-11-16 01:11:36.180 | INFO     | src.core.trading_hub:add_agent:39 - Added event-driven agent: SpreadCalculator
2025-11-16 01:11:36.180 | INFO     | src.core.trading_agent:set_throttle:68 - [DeltaHedger] Throttle was set to 0:00:30.
2025-11-16 01:11:36.180 | INFO     | src.built_in_agents.delta_hedger:__init__:35 - DeltaHedger periodic agent initialized. Running every 0:00:30.
2025-11-16 01:11:36.611 | INFO     | src.built_in_agents.delta_hedger:initialize:40 - Initial position update done.
2025-11-16 01:11:36.611 | INFO     | src.core.trading_hub:add_agent:34 - Added periodic agent: DeltaHedger
2025-11-16 01:11:36.612 | INFO     | src.core.trading_agent:set_throttle:68 - [Quoter] Throttle was set to 0:00:05.
2025-11-16 01:11:36.612 | INFO     | src.core.trading_hub:add_agent:34 - Added periodic agent: Quoter
2025-11-16 01:11:36.612 | INFO     | src.core.trading_hub:start:77 - Subscribing to quotes for: ['MSFT', 'AAPL']
2025-11-16 01:11:36.615 | INFO     | src.core.trading_hub:_periodic_agent_loop:49 - Starting loop for periodic agent 'DeltaHedger' with period 0:00:30.
2025-11-16 01:11:36.615 | DEBUG    | src.built_in_agents.delta_hedger:run:70 - DeltaHedger running hedging logic...
2025-11-16 01:11:36.724 | INFO     | src.core.trading_hub:_periodic_agent_loop:49 - Starting loop for periodic agent 'Quoter' with period 0:00:05.
